nohup: ignoring input
Watching for file changes with StatReloader
[06/Jan/2026 16:16:24] "GET /api/teams/ HTTP/1.1" 200 2268
[06/Jan/2026 16:16:25] "GET /api/players/ HTTP/1.1" 200 46905
[06/Jan/2026 16:19:42] "GET /api/teams/ HTTP/1.1" 200 2268
[06/Jan/2026 16:19:42] "GET /api/teams/ HTTP/1.1" 200 2268
[06/Jan/2026 16:19:42] "GET /api/players/ HTTP/1.1" 200 46905
[06/Jan/2026 16:19:42] "GET /api/players/ HTTP/1.1" 200 46905
[06/Jan/2026 16:30:20] "GET /api/teams/ HTTP/1.1" 200 6795
[06/Jan/2026 16:30:20] "GET /api/players/ HTTP/1.1" 200 284530
[06/Jan/2026 16:30:21] "GET /api/teams/ HTTP/1.1" 200 6795
[06/Jan/2026 16:30:21] "GET /api/teams/ HTTP/1.1" 200 6795
[06/Jan/2026 16:30:22] "GET /api/players/ HTTP/1.1" 200 284530
[06/Jan/2026 16:30:22] "GET /api/players/ HTTP/1.1" 200 284530
[06/Jan/2026 16:30:54] "GET /api/players/?search=Haaland HTTP/1.1" 200 284530
[06/Jan/2026 16:30:54,020] - Broken pipe from ('127.0.0.1', 51080)
[06/Jan/2026 16:31:04] "GET /api/teams/ HTTP/1.1" 200 6795
[06/Jan/2026 16:31:04] "GET /api/teams/ HTTP/1.1" 200 6795
[06/Jan/2026 16:31:06] "GET /api/players/ HTTP/1.1" 200 284530
[06/Jan/2026 16:31:06] "GET /api/players/ HTTP/1.1" 200 284530
/home/archimedes/Documents/PremierLeagueAnalysis/backend/api/views.py changed, reloading.
Performing system checks...

System check identified no issues (0 silenced).
January 06, 2026 - 16:15:51
Django version 6.0, using settings 'premier_league_backend.settings'
Starting development server at http://0.0.0.0:8000/
Quit the server with CONTROL-C.

WARNING: This is a development server. Do not use it in a production setting. Use a production WSGI or ASGI server instead.
For more information on production servers see: https://docs.djangoproject.com/en/6.0/howto/deployment/
Watching for file changes with StatReloader
[06/Jan/2026 16:31:56] "GET /api/players/?search=Haaland HTTP/1.1" 200 418
[06/Jan/2026 16:34:16] "GET /api/teams/ HTTP/1.1" 200 5639
[06/Jan/2026 16:34:16] "GET /api/teams/ HTTP/1.1" 200 5639
[06/Jan/2026 16:34:17] "GET /api/players/ HTTP/1.1" 200 237400
[06/Jan/2026 16:34:17] "GET /api/players/ HTTP/1.1" 200 237400
[06/Jan/2026 16:39:30] "GET /api/teams/ HTTP/1.1" 200 5639
[06/Jan/2026 16:39:30] "GET /api/players/ HTTP/1.1" 200 238006
[06/Jan/2026 16:40:03] "GET /api/players/?limit=1 HTTP/1.1" 200 238006
[06/Jan/2026 16:40:03,221] - Broken pipe from ('127.0.0.1', 48836)
[06/Jan/2026 16:40:38] "GET /api/teams/ HTTP/1.1" 200 5639
[06/Jan/2026 16:40:38] "GET /api/teams/ HTTP/1.1" 200 5639
[06/Jan/2026 16:40:39] "GET /api/players/ HTTP/1.1" 200 238006
[06/Jan/2026 16:40:39] "GET /api/players/ HTTP/1.1" 200 238006
[06/Jan/2026 16:44:58] "GET /api/teams/ HTTP/1.1" 200 5639
[06/Jan/2026 16:44:58] "GET /api/teams/ HTTP/1.1" 200 5639
[06/Jan/2026 16:44:59] "GET /api/players/ HTTP/1.1" 200 238006
[06/Jan/2026 16:44:59] "GET /api/players/ HTTP/1.1" 200 238006
[06/Jan/2026 16:47:51] "GET /api/teams/ HTTP/1.1" 200 5639
[06/Jan/2026 16:47:51] "GET /api/teams/ HTTP/1.1" 200 5639
[06/Jan/2026 16:47:52] "GET /api/players/ HTTP/1.1" 200 238006
[06/Jan/2026 16:47:52] "GET /api/players/ HTTP/1.1" 200 238006
[06/Jan/2026 16:48:11] "GET /api/teams/ HTTP/1.1" 200 5639
[06/Jan/2026 16:48:11] "GET /api/teams/ HTTP/1.1" 200 5639
[06/Jan/2026 16:48:12] "GET /api/players/ HTTP/1.1" 200 238006
[06/Jan/2026 16:48:12] "GET /api/players/ HTTP/1.1" 200 238006
[06/Jan/2026 16:51:25] "GET /api/teams/ HTTP/1.1" 200 5639
[06/Jan/2026 16:51:25] "GET /api/teams/ HTTP/1.1" 200 5639
[06/Jan/2026 16:51:26] "GET /api/players/ HTTP/1.1" 200 238006
[06/Jan/2026 16:51:26] "GET /api/players/ HTTP/1.1" 200 238006
[06/Jan/2026 16:53:30] "GET /api/teams/ HTTP/1.1" 200 5639
[06/Jan/2026 16:53:30] "GET /api/teams/ HTTP/1.1" 200 5639
[06/Jan/2026 16:53:31] "GET /api/players/ HTTP/1.1" 200 238006
[06/Jan/2026 16:53:31] "GET /api/players/ HTTP/1.1" 200 238006
[06/Jan/2026 16:53:40] "GET /api/teams/ HTTP/1.1" 200 5639
[06/Jan/2026 16:53:40] "GET /api/teams/ HTTP/1.1" 200 5639
[06/Jan/2026 16:53:41] "GET /api/players/ HTTP/1.1" 200 238006
[06/Jan/2026 16:53:42] "GET /api/players/ HTTP/1.1" 200 238006
[06/Jan/2026 16:53:44] "GET /api/teams/ HTTP/1.1" 200 5639
[06/Jan/2026 16:53:44] "GET /api/teams/ HTTP/1.1" 200 5639
[06/Jan/2026 16:53:46] "GET /api/players/ HTTP/1.1" 200 238006
[06/Jan/2026 16:53:46] "GET /api/players/ HTTP/1.1" 200 238006
[06/Jan/2026 16:56:26] "GET /api/teams/ HTTP/1.1" 200 5639
[06/Jan/2026 16:56:27] "GET /api/teams/ HTTP/1.1" 200 5639
[06/Jan/2026 16:56:28] "GET /api/players/ HTTP/1.1" 200 238006
[06/Jan/2026 16:56:28] "GET /api/players/ HTTP/1.1" 200 238006
[06/Jan/2026 17:01:09] "GET /api/teams/ HTTP/1.1" 200 5716
[06/Jan/2026 17:01:09] "GET /api/teams/ HTTP/1.1" 200 5716
[06/Jan/2026 17:01:10] "GET /api/players/ HTTP/1.1" 200 238006
[06/Jan/2026 17:01:10] "GET /api/players/ HTTP/1.1" 200 238006
[06/Jan/2026 17:01:14] "GET /api/teams/ HTTP/1.1" 200 5716
[06/Jan/2026 17:01:14] "GET /api/teams/ HTTP/1.1" 200 5716
[06/Jan/2026 17:01:15] "GET /api/players/ HTTP/1.1" 200 238006
[06/Jan/2026 17:01:15] "GET /api/players/ HTTP/1.1" 200 238006
[06/Jan/2026 17:01:27] "GET /api/teams/ HTTP/1.1" 200 5716
[06/Jan/2026 17:01:27] "GET /api/teams/ HTTP/1.1" 200 5716
[06/Jan/2026 17:01:28] "GET /api/players/ HTTP/1.1" 200 238006
[06/Jan/2026 17:01:28] "GET /api/players/ HTTP/1.1" 200 238006
[06/Jan/2026 17:04:29] "GET /api/teams/ HTTP/1.1" 200 5716
[06/Jan/2026 17:04:29] "GET /api/teams/ HTTP/1.1" 200 5716
[06/Jan/2026 17:04:30] "GET /api/players/ HTTP/1.1" 200 238006
[06/Jan/2026 17:04:30] "GET /api/players/ HTTP/1.1" 200 238006
[06/Jan/2026 17:08:31] "GET /api/teams/ HTTP/1.1" 200 5716
[06/Jan/2026 17:08:31] "GET /api/teams/ HTTP/1.1" 200 5716
[06/Jan/2026 17:08:32] "GET /api/players/ HTTP/1.1" 200 238006
[06/Jan/2026 17:08:32] "GET /api/players/ HTTP/1.1" 200 238006
[06/Jan/2026 17:19:30] "GET /api/teams/ HTTP/1.1" 200 5716
[06/Jan/2026 17:19:30] "GET /api/teams/ HTTP/1.1" 200 5716
[06/Jan/2026 17:19:30] "GET /api/players/ HTTP/1.1" 200 238006
[06/Jan/2026 17:19:30] "GET /api/players/ HTTP/1.1" 200 238006
[06/Jan/2026 17:30:03] "GET /api/teams/ HTTP/1.1" 200 5716
[06/Jan/2026 17:30:03] "GET /api/teams/ HTTP/1.1" 200 5716
[06/Jan/2026 17:30:03] "GET /api/players/ HTTP/1.1" 200 238006
[06/Jan/2026 17:30:03] "GET /api/players/ HTTP/1.1" 200 238006
[06/Jan/2026 17:38:05] "GET /api/teams/ HTTP/1.1" 200 5716
[06/Jan/2026 17:38:05] "GET /api/teams/ HTTP/1.1" 200 5716
[06/Jan/2026 17:38:06] "GET /api/players/ HTTP/1.1" 200 238006
[06/Jan/2026 17:38:06] "GET /api/players/ HTTP/1.1" 200 238006
/home/archimedes/Documents/PremierLeagueAnalysis/backend/api/models.py changed, reloading.
Performing system checks...

System check identified no issues (0 silenced).
January 06, 2026 - 16:31:07
Django version 6.0, using settings 'premier_league_backend.settings'
Starting development server at http://0.0.0.0:8000/
Quit the server with CONTROL-C.

WARNING: This is a development server. Do not use it in a production setting. Use a production WSGI or ASGI server instead.
For more information on production servers see: https://docs.djangoproject.com/en/6.0/howto/deployment/
Watching for file changes with StatReloader
/home/archimedes/Documents/PremierLeagueAnalysis/backend/api/views.py changed, reloading.
Performing system checks...

System check identified no issues (0 silenced).
January 06, 2026 - 17:39:59
Django version 6.0, using settings 'premier_league_backend.settings'
Starting development server at http://0.0.0.0:8000/
Quit the server with CONTROL-C.

WARNING: This is a development server. Do not use it in a production setting. Use a production WSGI or ASGI server instead.
For more information on production servers see: https://docs.djangoproject.com/en/6.0/howto/deployment/
Watching for file changes with StatReloader
Exception in thread django-main-thread:
Traceback (most recent call last):
  File "/usr/lib64/python3.14/threading.py", line 1082, in _bootstrap_inner
    self._context.run(self.run)
    ~~~~~~~~~~~~~~~~~^^^^^^^^^^
  File "/usr/lib64/python3.14/threading.py", line 1024, in run
    self._target(*self._args, **self._kwargs)
    ~~~~~~~~~~~~^^^^^^^^^^^^^^^^^^^^^^^^^^^^^
  File "/home/archimedes/.local/lib/python3.14/site-packages/django/utils/autoreload.py", line 64, in wrapper
    fn(*args, **kwargs)
    ~~^^^^^^^^^^^^^^^^^
  File "/home/archimedes/.local/lib/python3.14/site-packages/django/core/management/commands/runserver.py", line 134, in inner_run
    self.check(**check_kwargs)
    ~~~~~~~~~~^^^^^^^^^^^^^^^^
  File "/home/archimedes/.local/lib/python3.14/site-packages/django/core/management/base.py", line 492, in check
    all_issues = checks.run_checks(
        app_configs=app_configs,
    ...<2 lines>...
        databases=databases,
    )
  File "/home/archimedes/.local/lib/python3.14/site-packages/django/core/checks/registry.py", line 89, in run_checks
    new_errors = check(app_configs=app_configs, databases=databases)
  File "/home/archimedes/.local/lib/python3.14/site-packages/django/core/checks/urls.py", line 44, in check_url_namespaces_unique
    all_namespaces = _load_all_namespaces(resolver)
  File "/home/archimedes/.local/lib/python3.14/site-packages/django/core/checks/urls.py", line 63, in _load_all_namespaces
    url_patterns = getattr(resolver, "url_patterns", [])
  File "/home/archimedes/.local/lib/python3.14/site-packages/django/utils/functional.py", line 47, in __get__
    res = instance.__dict__[self.name] = self.func(instance)
                                         ~~~~~~~~~^^^^^^^^^^
  File "/home/archimedes/.local/lib/python3.14/site-packages/django/urls/resolvers.py", line 729, in url_patterns
    patterns = getattr(self.urlconf_module, "urlpatterns", self.urlconf_module)
                       ^^^^^^^^^^^^^^^^^^^
  File "/home/archimedes/.local/lib/python3.14/site-packages/django/utils/functional.py", line 47, in __get__
    res = instance.__dict__[self.name] = self.func(instance)
                                         ~~~~~~~~~^^^^^^^^^^
  File "/home/archimedes/.local/lib/python3.14/site-packages/django/urls/resolvers.py", line 722, in urlconf_module
    return import_module(self.urlconf_name)
  File "/usr/lib64/python3.14/importlib/__init__.py", line 88, in import_module
    return _bootstrap._gcd_import(name[level:], package, level)
           ~~~~~~~~~~~~~~~~~~~~~~^^^^^^^^^^^^^^^^^^^^^^^^^^^^^^
  File "<frozen importlib._bootstrap>", line 1398, in _gcd_import
  File "<frozen importlib._bootstrap>", line 1371, in _find_and_load
  File "<frozen importlib._bootstrap>", line 1342, in _find_and_load_unlocked
  File "<frozen importlib._bootstrap>", line 938, in _load_unlocked
  File "<frozen importlib._bootstrap_external>", line 759, in exec_module
  File "<frozen importlib._bootstrap>", line 491, in _call_with_frames_removed
  File "/home/archimedes/Documents/PremierLeagueAnalysis/backend/premier_league_backend/urls.py", line 22, in <module>
    path('api/', include('api.urls')),
                 ~~~~~~~^^^^^^^^^^^^
  File "/home/archimedes/.local/lib/python3.14/site-packages/django/urls/conf.py", line 39, in include
    urlconf_module = import_module(urlconf_module)
  File "/usr/lib64/python3.14/importlib/__init__.py", line 88, in import_module
    return _bootstrap._gcd_import(name[level:], package, level)
           ~~~~~~~~~~~~~~~~~~~~~~^^^^^^^^^^^^^^^^^^^^^^^^^^^^^^
  File "<frozen importlib._bootstrap>", line 1398, in _gcd_import
  File "<frozen importlib._bootstrap>", line 1371, in _find_and_load
  File "<frozen importlib._bootstrap>", line 1342, in _find_and_load_unlocked
  File "<frozen importlib._bootstrap>", line 938, in _load_unlocked
  File "<frozen importlib._bootstrap_external>", line 759, in exec_module
  File "<frozen importlib._bootstrap>", line 491, in _call_with_frames_removed
  File "/home/archimedes/Documents/PremierLeagueAnalysis/backend/api/urls.py", line 6, in <module>
    router.register(r'teams', TeamViewSet)
    ~~~~~~~~~~~~~~~^^^^^^^^^^^^^^^^^^^^^^^
  File "/home/archimedes/.local/lib/python3.14/site-packages/rest_framework/routers.py", line 54, in register
    basename = self.get_default_basename(viewset)
  File "/home/archimedes/.local/lib/python3.14/site-packages/rest_framework/routers.py", line 170, in get_default_basename
    assert queryset is not None, '`basename` argument not specified, and could ' \
           ^^^^^^^^^^^^^^^^^^^^
AssertionError: `basename` argument not specified, and could not automatically determine the name from the viewset, as it does not have a `.queryset` attribute.
Performing system checks...

